<?xml version="1.0" encoding="UTF-8"?>
<!-- Generated by org.testng.reporters.JUnitReportReporter -->
<testsuite hostname="tabish" failures="0" tests="1" name="com.itl.practice.GetExpertDetails" time="24.303" errors="0" timestamp="2022-08-17T13:39:54 IST" skipped="0">
  <testcase classname="com.itl.practice.GetExpertDetails" name="login" time="24.303"/>
  <system-out/>
</testsuite> <!-- com.itl.practice.GetExpertDetails -->
