<?xml version="1.0" encoding="UTF-8"?>
<!-- Generated by org.testng.reporters.JUnitReportReporter -->
<testsuite hostname="tabish" failures="0" tests="1" name="com.itl.practice.getExpertID" time="29.475" errors="0" timestamp="2023-07-13T14:43:32 IST" skipped="0">
  <testcase classname="com.itl.practice.getExpertID" name="expertID" time="29.475"/>
  <system-out>
    <![CDATA[Expert list fetching started....]]>
  </system-out>
</testsuite> <!-- com.itl.practice.getExpertID -->
