<?xml version="1.0" encoding="UTF-8"?>
<!-- Generated by org.testng.reporters.JUnitReportReporter -->
<testsuite hostname="tabish" failures="0" tests="1" name="rest.verifyChat" time="1.977" errors="0" timestamp="2022-11-07T12:18:32 IST" skipped="0">
  <testcase classname="rest.verifyChat" name="firsTtest" time="1.977"/>
  <system-out/>
</testsuite> <!-- rest.verifyChat -->
