<?xml version="1.0" encoding="UTF-8"?>
<!-- Generated by org.testng.reporters.JUnitReportReporter -->
<testsuite hostname="tabish" failures="0" tests="1" name="com.itl.practice.demo2" time="10.317" errors="0" timestamp="2022-06-03T17:22:02 IST" skipped="0">
  <testcase classname="com.itl.practice.demo2" name="astro1" time="10.317"/>
  <system-out/>
</testsuite> <!-- com.itl.practice.demo2 -->
