<?xml version="1.0" encoding="UTF-8"?>
<!-- Generated by org.testng.reporters.JUnitReportReporter -->
<testsuite hostname="tabish" failures="0" tests="1" name="com.itl.practice.totalExpertList_freeExpertList" time="30.354" errors="0" timestamp="2023-02-28T12:54:03 IST" skipped="0">
  <testcase classname="com.itl.practice.totalExpertList_freeExpertList" name="login" time="30.354"/>
  <system-out/>
</testsuite> <!-- com.itl.practice.totalExpertList_freeExpertList -->
