<?xml version="1.0" encoding="UTF-8"?>
<!-- Generated by org.testng.reporters.JUnitReportReporter -->
<testsuite hostname="tabish" failures="0" tests="1" name="com.itl.practice.Firefoxtest" time="8.717" errors="0" timestamp="2023-07-20T17:05:07 IST" skipped="0">
  <testcase classname="com.itl.practice.Firefoxtest" name="FirefoxTestMethod" time="8.717"/>
  <system-out>
    <![CDATA[launch anytime astro website]]>
  </system-out>
</testsuite> <!-- com.itl.practice.Firefoxtest -->
