<?xml version="1.0" encoding="UTF-8"?>
<!-- Generated by org.testng.reporters.JUnitReportReporter -->
<testsuite hostname="tabish" failures="0" tests="1" name="practice.containsFunction" time="31.848" errors="0" timestamp="2022-07-08T18:13:27 IST" skipped="0">
  <testcase classname="practice.containsFunction" name="containsTest" time="31.848"/>
  <system-out/>
</testsuite> <!-- practice.containsFunction -->
