<?xml version="1.0" encoding="UTF-8"?>
<!-- Generated by org.testng.reporters.JUnitReportReporter -->
<testsuite hostname="tabish" failures="0" tests="1" name="com.itl.practice.astro1" time="12.258" errors="0" timestamp="2022-06-03T18:04:10 IST" skipped="0">
  <testcase classname="com.itl.practice.astro1" name="login" time="12.258"/>
  <system-out/>
</testsuite> <!-- com.itl.practice.astro1 -->
