<?xml version="1.0" encoding="UTF-8"?>
<!-- Generated by org.testng.reporters.JUnitReportReporter -->
<testsuite hostname="tabish" failures="0" tests="1" name="Live.LIVE_details_online_busy_status" time="25.966" errors="0" timestamp="2023-02-20T18:30:32 IST" skipped="0">
  <testcase classname="Live.LIVE_details_online_busy_status" name="login" time="25.966"/>
  <system-out/>
</testsuite> <!-- Live.LIVE_details_online_busy_status -->
