<?xml version="1.0" encoding="UTF-8"?>
<!-- Generated by org.testng.reporters.JUnitReportReporter -->
<testsuite hostname="tabish" failures="0" tests="1" name="rest.GetPsychiccardList" time="2.568" errors="0" timestamp="2022-11-08T10:44:33 IST" skipped="0">
  <testcase classname="rest.GetPsychiccardList" name="listVerify" time="2.568"/>
  <system-out/>
</testsuite> <!-- rest.GetPsychiccardList -->
