<?xml version="1.0" encoding="UTF-8"?>
<!-- Generated by org.testng.reporters.JUnitReportReporter -->
<testsuite hostname="tabish" failures="0" tests="1" name="com.itl.practice.Chat_Session" time="274.154" errors="0" timestamp="2023-04-11T19:12:48 IST" skipped="0">
  <testcase classname="com.itl.practice.Chat_Session" name="chatSession" time="274.154"/>
  <system-out/>
</testsuite> <!-- com.itl.practice.Chat_Session -->
