<?xml version="1.0" encoding="UTF-8"?>
<!-- Generated by org.testng.reporters.JUnitReportReporter -->
<testsuite hostname="tabish" failures="0" tests="1" name="rest.GetPsychiccardList_android" time="2.991" errors="0" timestamp="2023-07-17T10:43:31 IST" skipped="0">
  <testcase classname="rest.GetPsychiccardList_android" name="listVerify" time="2.991"/>
  <system-out/>
</testsuite> <!-- rest.GetPsychiccardList_android -->
