<?xml version="1.0" encoding="UTF-8"?>
<!-- Generated by org.testng.reporters.JUnitReportReporter -->
<testsuite hostname="tabish" failures="0" tests="1" name="com.itl.practice.demo1" time="20.407" errors="0" timestamp="2022-06-03T17:53:41 IST" skipped="0">
  <testcase classname="com.itl.practice.demo1" name="test0" time="20.407"/>
  <system-out/>
</testsuite> <!-- com.itl.practice.demo1 -->
