<?xml version="1.0" encoding="UTF-8"?>
<!-- Generated by org.testng.reporters.JUnitReportReporter -->
<testsuite hostname="tabish" failures="0" tests="2" name="com.itl.practice.ExpDetails_online_busy_StatusTest" time="125.449" errors="0" timestamp="2023-07-21T17:58:27 IST" skipped="0">
  <testcase classname="com.itl.practice.ExpDetails_online_busy_StatusTest" name="online_busy_status" time="17.753"/>
  <system-out/>
  <testcase classname="com.itl.practice.ExpDetails_online_busy_StatusTest" name="expertIDWithNames" time="107.696"/>
  <system-out>
    <![CDATA[second method execution started
Expert list fetching started....]]>
  </system-out>
</testsuite> <!-- com.itl.practice.ExpDetails_online_busy_StatusTest -->
