<?xml version="1.0" encoding="UTF-8"?>
<!-- Generated by org.testng.reporters.JUnitReportReporter -->
<testsuite hostname="tabish" failures="0" tests="1" name="Expert_api.summary" time="3.064" errors="0" timestamp="2022-11-09T13:19:59 IST" skipped="0">
  <testcase classname="Expert_api.summary" name="expertLogin" time="3.064"/>
  <system-out/>
</testsuite> <!-- Expert_api.summary -->
