<?xml version="1.0" encoding="UTF-8"?>
<!-- Generated by org.testng.reporters.JUnitReportReporter -->
<testsuite hostname="tabish" failures="0" tests="1" name="AdvancedJava.ComparingArrayList" time="7.577" errors="0" timestamp="2022-11-09T14:40:00 IST" skipped="0">
  <testcase classname="AdvancedJava.ComparingArrayList" name="arrayListCompare_expertID" time="7.577"/>
  <system-out/>
</testsuite> <!-- AdvancedJava.ComparingArrayList -->
