<?xml version="1.0" encoding="UTF-8"?>
<!-- Generated by org.testng.reporters.JUnitReportReporter -->
<testsuite hostname="tabish" failures="0" tests="1" name="com.itl.practice.ChromeTest" time="10.403" errors="0" timestamp="2022-06-01T17:35:25 IST" skipped="0">
  <testcase classname="com.itl.practice.ChromeTest" name="ChromeTestMethod" time="10.403"/>
  <system-out/>
</testsuite> <!-- com.itl.practice.ChromeTest -->
