<?xml version="1.0" encoding="UTF-8"?>
<!-- Generated by org.testng.reporters.JUnitReportReporter -->
<testsuite hostname="tabish" failures="0" tests="1" name="com.itl.practice.freeExpertOnly" time="26.426" errors="0" timestamp="2023-07-13T14:48:47 IST" skipped="0">
  <testcase classname="com.itl.practice.freeExpertOnly" name="freeExpert" time="26.426"/>
  <system-out/>
</testsuite> <!-- com.itl.practice.freeExpertOnly -->
