<?xml version="1.0" encoding="UTF-8"?>
<!-- Generated by org.testng.reporters.JUnitReportReporter -->
<testsuite hostname="tabish" failures="0" tests="1" name="com.itl.practice.astroFreeExpertCount" time="13.590" errors="0" timestamp="2022-09-28T12:55:14 IST" skipped="0">
  <testcase classname="com.itl.practice.astroFreeExpertCount" name="login" time="13.590"/>
  <system-out/>
</testsuite> <!-- com.itl.practice.astroFreeExpertCount -->
