<?xml version="1.0" encoding="UTF-8"?>
<!-- Generated by org.testng.reporters.JUnitReportReporter -->
<testsuite hostname="tabish" failures="0" tests="1" name="com.itl.practice.ExpDetails_online_busy_Status" time="21.528" errors="0" timestamp="2023-07-20T17:03:04 IST" skipped="0">
  <testcase classname="com.itl.practice.ExpDetails_online_busy_Status" name="online_busy_status" time="21.528"/>
  <system-out/>
</testsuite> <!-- com.itl.practice.ExpDetails_online_busy_Status -->
