<?xml version="1.0" encoding="UTF-8"?>
<!-- Generated by org.testng.reporters.JUnitReportReporter -->
<testsuite hostname="tabish" failures="0" tests="1" name="com.itl.practice.firefixTest" time="11.103" errors="0" timestamp="2023-07-20T17:07:56 IST" skipped="0">
  <testcase classname="com.itl.practice.firefixTest" name="test0" time="11.103"/>
  <system-out/>
</testsuite> <!-- com.itl.practice.firefixTest -->
