<?xml version="1.0" encoding="UTF-8"?>
<!-- Generated by org.testng.reporters.JUnitReportReporter -->
<testsuite hostname="tabish" failures="0" tests="1" name="scripts.Mychats" time="18.670" errors="0" timestamp="2022-06-28T12:06:24 IST" skipped="0">
  <testcase classname="scripts.Mychats" name="myChatCount" time="18.670"/>
  <system-out/>
</testsuite> <!-- scripts.Mychats -->
