<?xml version="1.0" encoding="UTF-8"?>
<!-- Generated by org.testng.reporters.JUnitReportReporter -->
<testsuite hostname="tabish" failures="0" tests="1" name="admin.gettingChatDetails" time="10.435" errors="0" timestamp="2023-06-13T10:51:47 IST" skipped="0">
  <testcase classname="admin.gettingChatDetails" name="login" time="10.435"/>
  <system-out/>
</testsuite> <!-- admin.gettingChatDetails -->
