<?xml version="1.0" encoding="UTF-8"?>
<!-- Generated by org.testng.reporters.JUnitReportReporter -->
<testsuite hostname="tabish" failures="0" tests="1" name="Expert_api.login1" time="20.835" errors="0" timestamp="2022-11-08T18:08:52 IST" skipped="0">
  <testcase classname="Expert_api.login1" name="expertLogin" time="20.835"/>
  <system-out/>
</testsuite> <!-- Expert_api.login1 -->
