<?xml version="1.0" encoding="UTF-8"?>
<!-- Generated by org.testng.reporters.JUnitReportReporter -->
<testsuite hostname="tabish" failures="0" tests="1" name="basic_selenium.test0" time="0.008" errors="0" timestamp="2023-02-23T12:59:07 IST" skipped="0">
  <testcase classname="basic_selenium.test0" name="run" time="0.008"/>
  <system-out/>
</testsuite> <!-- basic_selenium.test0 -->
