<?xml version="1.0" encoding="UTF-8"?>
<!-- Generated by org.testng.reporters.JUnitReportReporter -->
<testsuite hostname="tabish" failures="0" tests="1" name="com.itl.practice.astro1test" time="43.900" errors="0" timestamp="2023-02-28T12:49:56 IST" skipped="0">
  <testcase classname="com.itl.practice.astro1test" name="login" time="43.900"/>
  <system-out/>
</testsuite> <!-- com.itl.practice.astro1test -->
