<?xml version="1.0" encoding="UTF-8"?>
<!-- Generated by org.testng.reporters.JUnitReportReporter -->
<testsuite hostname="tabish" failures="0" tests="1" name="admin.test0" time="6.367" errors="0" timestamp="2022-11-09T11:00:15 IST" skipped="0">
  <testcase classname="admin.test0" name="login" time="6.367"/>
  <system-out/>
</testsuite> <!-- admin.test0 -->
