<?xml version="1.0" encoding="UTF-8"?>
<!-- Generated by org.testng.reporters.JUnitReportReporter -->
<testsuite hostname="tabish" failures="0" tests="1" name="practice.toGetTitle" time="7.675" errors="0" timestamp="2022-09-20T15:07:36 IST" skipped="0">
  <testcase classname="practice.toGetTitle" name="title" time="7.675"/>
  <system-out/>
</testsuite> <!-- practice.toGetTitle -->
