<?xml version="1.0" encoding="UTF-8"?>
<!-- Generated by org.testng.reporters.JUnitReportReporter -->
<testsuite hostname="tabish" failures="0" tests="1" name="AdvancedJava.ComparinArray_usingRetainAll" time="11.295" errors="0" timestamp="2022-10-17T18:14:33 IST" skipped="0">
  <testcase classname="AdvancedJava.ComparinArray_usingRetainAll" name="arrayListCompare_expertID" time="11.295"/>
  <system-out/>
</testsuite> <!-- AdvancedJava.ComparinArray_usingRetainAll -->
