<?xml version="1.0" encoding="UTF-8"?>
<!-- Generated by org.testng.reporters.JUnitReportReporter -->
<testsuite hostname="tabish" failures="0" tests="1" name="com.itl.practice.GetExpertDetailsViaChat" time="17.907" errors="0" timestamp="2023-02-20T18:19:24 IST" skipped="0">
  <testcase classname="com.itl.practice.GetExpertDetailsViaChat" name="login" time="17.907"/>
  <system-out/>
</testsuite> <!-- com.itl.practice.GetExpertDetailsViaChat -->
