<?xml version="1.0" encoding="UTF-8"?>
<!-- Generated by org.testng.reporters.JUnitReportReporter -->
<testsuite hostname="tabish" failures="0" tests="1" name="practice.test0" time="703.888" errors="0" timestamp="2022-07-05T17:54:58 IST" skipped="0">
  <testcase classname="practice.test0" name="cart" time="703.888"/>
  <system-out/>
</testsuite> <!-- practice.test0 -->
